[Architectury Transformer DEBUG] 
[Architectury Transformer DEBUG] ============================
[Architectury Transformer DEBUG] Transforming from C:\Users\UNKNOWN\IdeaProjects\MinecraftModding\ImmersiveWeatheringMULTI\common\build\devlibs\immersive_weathering-2.6.0-dev.jar to C:\Users\UNKNOWN\IdeaProjects\MinecraftModding\ImmersiveWeatheringMULTI\common\build\libs\immersive_weathering-2.6.0-transformProductionFabric.jar
[Architectury Transformer DEBUG] ============================
[Architectury Transformer DEBUG] 
[Architectury Transformer DEBUG] Transforming 5 transformer(s) from C:\Users\UNKNOWN\IdeaProjects\MinecraftModding\ImmersiveWeatheringMULTI\common\build\devlibs\immersive_weathering-2.6.0-dev.jar to C:\Users\UNKNOWN\IdeaProjects\MinecraftModding\ImmersiveWeatheringMULTI\common\build\libs\immersive_weathering-2.6.0-transformProductionFabric.jar: 
[Architectury Transformer DEBUG]  - dev.architectury.transformer.transformers.RemapMixinVariables@7f6c5ea3
[Architectury Transformer DEBUG]  - dev.architectury.transformer.transformers.TransformExpectPlatform@9f1e5ae
[Architectury Transformer DEBUG]  - dev.architectury.transformer.transformers.RemapInjectables@1300a914
[Architectury Transformer DEBUG]  - dev.architectury.plugin.transformers.AddRefmapName@1aeaa8ba
[Architectury Transformer DEBUG]  - dev.architectury.transformer.transformers.TransformPlatformOnly@7ee6402
[Architectury Transformer DEBUG] Transforming from C:\Users\UNKNOWN\IdeaProjects\MinecraftModding\ImmersiveWeatheringMULTI\common\build\devlibs\immersive_weathering-2.6.0-dev.jar to C:\Users\UNKNOWN\IdeaProjects\MinecraftModding\ImmersiveWeatheringMULTI\common\build\libs\immersive_weathering-2.6.0-transformProductionFabric.jar with 5 transformer(s) on dev.architectury.transformer.handler.SimpleTransformerHandler
[Architectury Transformer DEBUG] Reading mixin mappings file: C:\Users\UNKNOWN\IdeaProjects\MinecraftModding\ImmersiveWeatheringMULTI\common\build\loom-cache\mixin-map-loom.mappings.1_18_2.layered+hash.40359-v2.main.tiny
[Architectury Transformer DEBUG] Reading mixin mappings file: C:\Users\UNKNOWN\IdeaProjects\MinecraftModding\ImmersiveWeatheringMULTI\fabric\build\loom-cache\mixin-map-loom.mappings.1_18_2.layered+hash.40359-v2.main.tiny
[Architectury Transformer DEBUG] Remapping with 3 mapping provider(s):
[Architectury Transformer DEBUG]  - dev.architectury.transformer.transformers.RemapInjectables$$Lambda$1866/0x0000000801857a98@3ea603d6
[Architectury Transformer DEBUG]  - dev.architectury.transformer.shadowed.impl.dev.architectury.tinyremapper.TinyUtils$$Lambda$1865/0x0000000801857878@3f71d848
[Architectury Transformer DEBUG]  - dev.architectury.transformer.shadowed.impl.dev.architectury.tinyremapper.TinyUtils$$Lambda$1865/0x0000000801857878@7f7da050
[Architectury Transformer DEBUG] Provided 56 classpath jar(s):
[Architectury Transformer DEBUG]  - C:\Users\UNKNOWN\.gradle\caches\modules-2\files-2.1\dev.architectury\architectury-injectables\1.0.10\62db2a366d662606d1b23ad02ccc3212ed37ec3\architectury-injectables-1.0.10.jar
[Architectury Transformer DEBUG]  - C:\Users\UNKNOWN\.gradle\caches\modules-2\files-2.1\net.fabricmc\fabric-loader\0.14.8\4679d97613a913bba916ebeb24f1e523340c38b\fabric-loader-0.14.8.jar
[Architectury Transformer DEBUG]  - C:\Users\UNKNOWN\.gradle\caches\modules-2\files-2.1\org.jetbrains\annotations\23.0.0\8cc20c07506ec18e0834947b84a864bfc094484e\annotations-23.0.0.jar
[Architectury Transformer DEBUG]  - C:\Users\UNKNOWN\.gradle\caches\modules-2\files-2.1\net.fabricmc\tiny-mappings-parser\0.3.0+build.17\2f10540a290e382a7cd35c16ec3900046a4e252\tiny-mappings-parser-0.3.0+build.17.jar
[Architectury Transformer DEBUG]  - C:\Users\UNKNOWN\.gradle\caches\modules-2\files-2.1\net.fabricmc\sponge-mixin\0.11.4+mixin.0.8.5\c1dc27696aa4006e492c2485c9ccbcb26045a971\sponge-mixin-0.11.4+mixin.0.8.5.jar
[Architectury Transformer DEBUG]  - C:\Users\UNKNOWN\.gradle\caches\modules-2\files-2.1\net.fabricmc\tiny-remapper\0.8.2\2cc6565989469ec38893bfb7802b31c0d0d11ea0\tiny-remapper-0.8.2.jar
[Architectury Transformer DEBUG]  - C:\Users\UNKNOWN\.gradle\caches\modules-2\files-2.1\net.fabricmc\access-widener\2.1.0\f62a27adbfd8ab4d4fa5681793039f2c0b177155\access-widener-2.1.0.jar
[Architectury Transformer DEBUG]  - C:\Users\UNKNOWN\.gradle\caches\modules-2\files-2.1\org.ow2.asm\asm\9.3\8e6300ef51c1d801a7ed62d07cd221aca3a90640\asm-9.3.jar
[Architectury Transformer DEBUG]  - C:\Users\UNKNOWN\.gradle\caches\modules-2\files-2.1\org.ow2.asm\asm-analysis\9.3\4b071f211b37c38e0e9f5998550197c8593f6ad8\asm-analysis-9.3.jar
[Architectury Transformer DEBUG]  - C:\Users\UNKNOWN\.gradle\caches\modules-2\files-2.1\org.ow2.asm\asm-commons\9.3\1f2a432d1212f5c352ae607d7b61dcae20c20af5\asm-commons-9.3.jar
[Architectury Transformer DEBUG]  - C:\Users\UNKNOWN\.gradle\caches\modules-2\files-2.1\org.ow2.asm\asm-tree\9.3\78d2ecd61318b5a58cd04fb237636c0e86b77d97\asm-tree-9.3.jar
[Architectury Transformer DEBUG]  - C:\Users\UNKNOWN\.gradle\caches\modules-2\files-2.1\org.ow2.asm\asm-util\9.3\9595bc05510d0bd4b610188b77333fe4851a1975\asm-util-9.3.jar
[Architectury Transformer DEBUG]  - C:\Users\UNKNOWN\.gradle\caches\modules-2\files-2.1\com.mojang\patchy\2.2.10\da05971b07cbb379d002cf7eaec6a2048211fefc\patchy-2.2.10.jar
[Architectury Transformer DEBUG]  - C:\Users\UNKNOWN\.gradle\caches\modules-2\files-2.1\com.mojang\blocklist\1.0.10\5c685c5ffa94c4cd39496c7184c1d122e515ecef\blocklist-1.0.10.jar
[Architectury Transformer DEBUG]  - C:\Users\UNKNOWN\.gradle\caches\modules-2\files-2.1\com.ibm.icu\icu4j\70.1\dfa3a1fbc55bf5db8c6e79fc0935ac7ab1202950\icu4j-70.1.jar
[Architectury Transformer DEBUG]  - C:\Users\UNKNOWN\.gradle\caches\modules-2\files-2.1\org.apache.httpcomponents\httpclient\4.5.13\e5f6cae5ca7ecaac1ec2827a9e2d65ae2869cada\httpclient-4.5.13.jar
[Architectury Transformer DEBUG]  - C:\Users\UNKNOWN\.gradle\caches\modules-2\files-2.1\commons-codec\commons-codec\1.15\49d94806b6e3dc933dacbd8acb0fdbab8ebd1e5d\commons-codec-1.15.jar
[Architectury Transformer DEBUG]  - C:\Users\UNKNOWN\.gradle\caches\modules-2\files-2.1\org.apache.commons\commons-compress\1.21\4ec95b60d4e86b5c95a0e919cb172a0af98011ef\commons-compress-1.21.jar
[Architectury Transformer DEBUG]  - C:\Users\UNKNOWN\.gradle\caches\modules-2\files-2.1\commons-logging\commons-logging\1.2\4bfc12adfe4842bf07b657f0369c4cb522955686\commons-logging-1.2.jar
[Architectury Transformer DEBUG]  - C:\Users\UNKNOWN\.gradle\caches\modules-2\files-2.1\org.apache.httpcomponents\httpcore\4.4.14\9dd1a631c082d92ecd4bd8fd4cf55026c720a8c1\httpcore-4.4.14.jar
[Architectury Transformer DEBUG]  - C:\Users\UNKNOWN\.gradle\caches\modules-2\files-2.1\org.lwjgl\lwjgl-jemalloc\3.2.2\ee8e57a79300f78294576d87c4a587f8c99402e2\lwjgl-jemalloc-3.2.2.jar
[Architectury Transformer DEBUG]  - C:\Users\UNKNOWN\.gradle\caches\modules-2\files-2.1\org.lwjgl\lwjgl-openal\3.2.2\2b772a102b0a11ee5f2109a5b136f4dc7c630827\lwjgl-openal-3.2.2.jar
[Architectury Transformer DEBUG]  - C:\Users\UNKNOWN\.gradle\caches\modules-2\files-2.1\org.lwjgl\lwjgl-opengl\3.2.2\6ac5bb88b44c43ea195a570aab059f63da004cd8\lwjgl-opengl-3.2.2.jar
[Architectury Transformer DEBUG]  - C:\Users\UNKNOWN\.gradle\caches\modules-2\files-2.1\org.lwjgl\lwjgl-glfw\3.2.2\d3ad4df38e400b8afba1de63f84338809399df5b\lwjgl-glfw-3.2.2.jar
[Architectury Transformer DEBUG]  - C:\Users\UNKNOWN\.gradle\caches\modules-2\files-2.1\org.lwjgl\lwjgl-stb\3.2.2\3b8e6ebc5851dd3d17e37e5cadce2eff2a429f0f\lwjgl-stb-3.2.2.jar
[Architectury Transformer DEBUG]  - C:\Users\UNKNOWN\.gradle\caches\modules-2\files-2.1\org.lwjgl\lwjgl-tinyfd\3.2.2\fcbe606c8f8da6f8f9a05e2c540eb1ee8632b0e9\lwjgl-tinyfd-3.2.2.jar
[Architectury Transformer DEBUG]  - C:\Users\UNKNOWN\.gradle\caches\modules-2\files-2.1\org.lwjgl\lwjgl\3.2.2\8ad6294407e15780b43e84929c40e4c5e997972e\lwjgl-3.2.2.jar
[Architectury Transformer DEBUG]  - C:\Users\UNKNOWN\.gradle\caches\modules-2\files-2.1\com.mojang\text2speech\1.12.4\1f618f522dbdd93218c270bcfd8f8dd84be31717\text2speech-1.12.4.jar
[Architectury Transformer DEBUG]  - C:\Users\UNKNOWN\IdeaProjects\MinecraftModding\ImmersiveWeatheringMULTI\.gradle\loom-cache\1.18.2\loom.mappings.1_18_2.layered+hash.40359-v2\minecraft-project-@common-merged-named.jar
[Architectury Transformer DEBUG]  - C:\Users\UNKNOWN\.gradle\caches\modules-2\files-2.1\com.mojang\logging\1.0.0\f6ca3b2eee0b80b384e8ed93d368faecb82dfb9b\logging-1.0.0.jar
[Architectury Transformer DEBUG]  - C:\Users\UNKNOWN\.gradle\caches\modules-2\files-2.1\com.github.oshi\oshi-core\5.8.5\1d0ec654d820741327f5a9229d513732a4b7ce50\oshi-core-5.8.5.jar
[Architectury Transformer DEBUG]  - C:\Users\UNKNOWN\.gradle\caches\modules-2\files-2.1\net.java.dev.jna\jna-platform\5.10.0\fbed7d9669dba47714ad0d4f4454290a997aee69\jna-platform-5.10.0.jar
[Architectury Transformer DEBUG]  - C:\Users\UNKNOWN\.gradle\caches\modules-2\files-2.1\ca.weblite\java-objc-bridge\1.0.0\6ef160c3133a78de015830860197602ca1c855d3\java-objc-bridge-1.0.0.jar
[Architectury Transformer DEBUG]  - C:\Users\UNKNOWN\.gradle\caches\modules-2\files-2.1\net.java.dev.jna\jna\5.10.0\7cf4c87dd802db50721db66947aa237d7ad09418\jna-5.10.0.jar
[Architectury Transformer DEBUG]  - C:\Users\UNKNOWN\.gradle\caches\modules-2\files-2.1\org.apache.logging.log4j\log4j-slf4j18-impl\2.17.0\bd7f6c0b9224dd214afb4e684957e2349b529a8d\log4j-slf4j18-impl-2.17.0.jar
[Architectury Transformer DEBUG]  - C:\Users\UNKNOWN\.gradle\caches\modules-2\files-2.1\com.mojang\datafixerupper\4.1.27\a02c43824ce57c3f7a7d7e744f0d99a040398b5\datafixerupper-4.1.27.jar
[Architectury Transformer DEBUG]  - C:\Users\UNKNOWN\.gradle\caches\modules-2\files-2.1\com.mojang\authlib\3.3.39\289405e70c0917eaeac017f7fba9adb4427baa36\authlib-3.3.39.jar
[Architectury Transformer DEBUG]  - C:\Users\UNKNOWN\.gradle\caches\modules-2\files-2.1\org.slf4j\slf4j-api\1.8.0-beta4\83b0359d847ee053d745be7ec0d8e9e8a44304b4\slf4j-api-1.8.0-beta4.jar
[Architectury Transformer DEBUG]  - C:\Users\UNKNOWN\.gradle\caches\modules-2\files-2.1\com.mojang\javabridge\1.2.24\c876796229b2ef5120f186eab5acc870699d3b9\javabridge-1.2.24.jar
[Architectury Transformer DEBUG]  - C:\Users\UNKNOWN\.gradle\caches\modules-2\files-2.1\net.sf.jopt-simple\jopt-simple\5.0.4\4fdac2fbe92dfad86aa6e9301736f6b4342a3f5c\jopt-simple-5.0.4.jar
[Architectury Transformer DEBUG]  - C:\Users\UNKNOWN\.gradle\caches\modules-2\files-2.1\io.netty\netty-all\4.1.68.Final\b8266a3c93c1c051109f71d3449e5dcd5d60b333\netty-all-4.1.68.Final.jar
[Architectury Transformer DEBUG]  - C:\Users\UNKNOWN\.gradle\caches\modules-2\files-2.1\com.google.guava\guava\31.0.1-jre\119ea2b2bc205b138974d351777b20f02b92704b\guava-31.0.1-jre.jar
[Architectury Transformer DEBUG]  - C:\Users\UNKNOWN\.gradle\caches\modules-2\files-2.1\com.google.guava\failureaccess\1.0.1\1dcf1de382a0bf95a3d8b0849546c88bac1292c9\failureaccess-1.0.1.jar
[Architectury Transformer DEBUG]  - C:\Users\UNKNOWN\.gradle\caches\modules-2\files-2.1\org.apache.commons\commons-lang3\3.12.0\c6842c86792ff03b9f1d1fe2aab8dc23aa6c6f0e\commons-lang3-3.12.0.jar
[Architectury Transformer DEBUG]  - C:\Users\UNKNOWN\.gradle\caches\modules-2\files-2.1\commons-io\commons-io\2.11.0\a2503f302b11ebde7ebc3df41daebe0e4eea3689\commons-io-2.11.0.jar
[Architectury Transformer DEBUG]  - C:\Users\UNKNOWN\.gradle\caches\modules-2\files-2.1\com.mojang\brigadier\1.0.18\c1ef1234282716483c92183f49bef47b1a89bfa9\brigadier-1.0.18.jar
[Architectury Transformer DEBUG]  - C:\Users\UNKNOWN\.gradle\caches\modules-2\files-2.1\com.google.code.gson\gson\2.8.9\8a432c1d6825781e21a02db2e2c33c5fde2833b9\gson-2.8.9.jar
[Architectury Transformer DEBUG]  - C:\Users\UNKNOWN\.gradle\caches\modules-2\files-2.1\it.unimi.dsi\fastutil\8.5.6\76f95700418a68fbc4ac050525261f05dc681ca1\fastutil-8.5.6.jar
[Architectury Transformer DEBUG]  - C:\Users\UNKNOWN\.gradle\caches\modules-2\files-2.1\org.apache.logging.log4j\log4j-core\2.17.0\fe6e7a32c1228884b9691a744f953a55d0dd8ead\log4j-core-2.17.0.jar
[Architectury Transformer DEBUG]  - C:\Users\UNKNOWN\.gradle\caches\modules-2\files-2.1\org.apache.logging.log4j\log4j-api\2.17.0\bbd791e9c8c9421e45337c4fe0a10851c086e36c\log4j-api-2.17.0.jar
[Architectury Transformer DEBUG]  - C:\Users\UNKNOWN\IdeaProjects\MinecraftModding\ImmersiveWeatheringMULTI\.gradle\loom-cache\remapped_mods\loom_mappings_1_18_2_layered_hash_40359_v2\net\fabricmc\fabric-loader\0.14.7\fabric-loader-0.14.7.jar
[Architectury Transformer DEBUG]  - C:\Users\UNKNOWN\.gradle\caches\modules-2\files-2.1\com.google.guava\listenablefuture\9999.0-empty-to-avoid-conflict-with-guava\b421526c5f297295adef1c886e5246c39d4ac629\listenablefuture-9999.0-empty-to-avoid-conflict-with-guava.jar
[Architectury Transformer DEBUG]  - C:\Users\UNKNOWN\.gradle\caches\modules-2\files-2.1\com.google.code.findbugs\jsr305\3.0.2\25ea2e8b0c338a877313bd4672d3fe056ea78f0d\jsr305-3.0.2.jar
[Architectury Transformer DEBUG]  - C:\Users\UNKNOWN\.gradle\caches\modules-2\files-2.1\org.checkerframework\checker-qual\3.12.0\d5692f0526415fcc6de94bb5bfbd3afd9dd3b3e5\checker-qual-3.12.0.jar
[Architectury Transformer DEBUG]  - C:\Users\UNKNOWN\.gradle\caches\modules-2\files-2.1\com.google.errorprone\error_prone_annotations\2.7.1\458d9042f7aa6fa9a634df902b37f544e15aacac\error_prone_annotations-2.7.1.jar
[Architectury Transformer DEBUG]  - C:\Users\UNKNOWN\.gradle\caches\modules-2\files-2.1\com.google.j2objc\j2objc-annotations\1.3\ba035118bc8bac37d7eff77700720999acd9986d\j2objc-annotations-1.3.jar
[Architectury Transformer] Read classpath in 1.220 s
[Architectury Transformer DEBUG] Remapping Classes:
[Architectury Transformer DEBUG] dev/architectury/injectables/targets/ArchitecturyTarget -> architectury_inject_immersive_weatheringmod_common_beb774f7d27e4e4faaf86a370306671a_0962ab4d3150fa038bc63844c2aec9497d914fbe9865aeb09c532d78ce458907immersive_weathering260devjar/PlatformMethods
[Architectury Transformer DEBUG] Found class transformer
[Architectury Transformer DEBUG] Checking whether /immersive_weathering-common.mixins.json is a mixin config.
[Architectury Transformer DEBUG] Checking whether /architectury.common.json is a mixin config.
[Architectury Transformer DEBUG] Checking whether /immersive_weathering-common-refmap.json is a mixin config.
[Architectury Transformer DEBUG] Found mixin config(s): /immersive_weathering-common.mixins.json
[Architectury Transformer DEBUG] Injecting immersive_weathering-common-refmap.json to /immersive_weathering-common.mixins.json
[Architectury Transformer DEBUG] Closing File Systems for C:\Users\UNKNOWN\IdeaProjects\MinecraftModding\ImmersiveWeatheringMULTI\common\build\libs\immersive_weathering-2.6.0-transformProductionFabric.jar
[Architectury Transformer] Transformed jar with 5 transformer(s) in 2.298 s
